[debug] ----------------------------------------------------------------------
[debug] Command:      C:\Program Files\nodejs\node.exe C:\Users\Phi Thu\AppData\Roaming\npm\node_modules\firebase-tools\bin\firebase deploy
[debug] CLI Version:  3.5.0
[debug] Platform:     win32
[debug] Node Version: v6.10.0
[debug] Time:         Wed Mar 15 2017 22:22:41 GMT+0700 (SE Asia Standard Time)
[debug] ----------------------------------------------------------------------
[debug] 
[debug] > command requires scopes: ["email","openid","https://www.googleapis.com/auth/cloudplatformprojects.readonly","https://www.googleapis.com/auth/firebase","https://www.googleapis.com/auth/cloud-platform"]
[debug] > refreshing access token with scopes: ["email","https://www.googleapis.com/auth/cloud-platform","https://www.googleapis.com/auth/cloudplatformprojects.readonly","https://www.googleapis.com/auth/firebase","openid"]
[debug] >>> HTTP REQUEST POST https://www.googleapis.com/oauth2/v3/token { refresh_token: '1/yf9yXSgOZAmVc4tOQ-Slbqqc_Mgn7iezzAa8iT93DFI',
  client_id: '563584335869-fgrhgmd47bqnekij5i8b5pr03ho849e6.apps.googleusercontent.com',
  client_secret: 'j9iVZfS8kkCEFUPaAeJV0sAi',
  grant_type: 'refresh_token',
  scope: 'email https://www.googleapis.com/auth/cloud-platform https://www.googleapis.com/auth/cloudplatformprojects.readonly https://www.googleapis.com/auth/firebase openid' } 
 Wed Mar 15 2017 22:22:41 GMT+0700 (SE Asia Standard Time)
[debug] <<< HTTP RESPONSE 200
[debug] >>> HTTP REQUEST GET https://admin.firebase.com/v1/projects/ng-music-d70af  
 Wed Mar 15 2017 22:22:41 GMT+0700 (SE Asia Standard Time)
[debug] <<< HTTP RESPONSE 200
[debug] >>> HTTP REQUEST GET https://admin.firebase.com/v1/database/ng-music-d70af/tokens  
 Wed Mar 15 2017 22:22:43 GMT+0700 (SE Asia Standard Time)
[debug] <<< HTTP RESPONSE 200
[info] 
[info] === Deploying to 'ng-music-d70af'...
[info] 
[info] i  deploying functions, hosting
[debug] > [functions] package.json contents: {
  "name": "functions",
  "description": "Cloud Functions for Firebase",
  "dependencies": {
    "firebase-admin": "^4.1.2",
    "firebase-functions": "^0.5"
  },
  "private": true
}
[info] i  functions: ensuring necessary APIs are enabled...
[info] i  runtimeconfig: ensuring necessary APIs are enabled...
[debug] >>> HTTP REQUEST GET https://servicemanagement.googleapis.com/v1/services/cloudfunctions.googleapis.com/projectSettings/ng-music-d70af?view=CONSUMER_VIEW  
 Wed Mar 15 2017 22:22:47 GMT+0700 (SE Asia Standard Time)
[debug] >>> HTTP REQUEST GET https://servicemanagement.googleapis.com/v1/services/runtimeconfig.googleapis.com/projectSettings/ng-music-d70af?view=CONSUMER_VIEW  
 Wed Mar 15 2017 22:22:47 GMT+0700 (SE Asia Standard Time)
[debug] <<< HTTP RESPONSE 200
[warn] !  functions: missing necessary APIs. Enabling now...
[debug] >>> HTTP REQUEST PATCH https://servicemanagement.googleapis.com/v1/services/cloudfunctions.googleapis.com/projectSettings/ng-music-d70af?updateMask=usageSettings { usageSettings: { consumerEnableStatus: 'ENABLED' } } 
 Wed Mar 15 2017 22:22:50 GMT+0700 (SE Asia Standard Time)
[debug] <<< HTTP RESPONSE 200
[warn] !  runtimeconfig: missing necessary APIs. Enabling now...
[debug] >>> HTTP REQUEST PATCH https://servicemanagement.googleapis.com/v1/services/runtimeconfig.googleapis.com/projectSettings/ng-music-d70af?updateMask=usageSettings { usageSettings: { consumerEnableStatus: 'ENABLED' } } 
 Wed Mar 15 2017 22:22:50 GMT+0700 (SE Asia Standard Time)
[debug] <<< HTTP RESPONSE 200
[debug] <<< HTTP RESPONSE 200
[debug] >>> HTTP REQUEST GET https://servicemanagement.googleapis.com/v1/services/cloudfunctions.googleapis.com/projectSettings/ng-music-d70af?view=CONSUMER_VIEW  
 Wed Mar 15 2017 22:23:02 GMT+0700 (SE Asia Standard Time)
[debug] >>> HTTP REQUEST GET https://servicemanagement.googleapis.com/v1/services/runtimeconfig.googleapis.com/projectSettings/ng-music-d70af?view=CONSUMER_VIEW  
 Wed Mar 15 2017 22:23:03 GMT+0700 (SE Asia Standard Time)
[debug] <<< HTTP RESPONSE 200
[info] i  functions: waiting for APIs to activate...
[debug] <<< HTTP RESPONSE 200
[info] i  runtimeconfig: waiting for APIs to activate...
[debug] >>> HTTP REQUEST GET https://servicemanagement.googleapis.com/v1/services/cloudfunctions.googleapis.com/projectSettings/ng-music-d70af?view=CONSUMER_VIEW  
 Wed Mar 15 2017 22:23:14 GMT+0700 (SE Asia Standard Time)
[debug] >>> HTTP REQUEST GET https://servicemanagement.googleapis.com/v1/services/runtimeconfig.googleapis.com/projectSettings/ng-music-d70af?view=CONSUMER_VIEW  
 Wed Mar 15 2017 22:23:15 GMT+0700 (SE Asia Standard Time)
[debug] <<< HTTP RESPONSE 200
[info] i  functions: waiting for APIs to activate...
[debug] <<< HTTP RESPONSE 200
[info] i  runtimeconfig: waiting for APIs to activate...
[debug] >>> HTTP REQUEST GET https://servicemanagement.googleapis.com/v1/services/cloudfunctions.googleapis.com/projectSettings/ng-music-d70af?view=CONSUMER_VIEW  
 Wed Mar 15 2017 22:23:25 GMT+0700 (SE Asia Standard Time)
[debug] >>> HTTP REQUEST GET https://servicemanagement.googleapis.com/v1/services/runtimeconfig.googleapis.com/projectSettings/ng-music-d70af?view=CONSUMER_VIEW  
 Wed Mar 15 2017 22:23:26 GMT+0700 (SE Asia Standard Time)
[debug] <<< HTTP RESPONSE 200
[info] +  functions: all necessary APIs are enabled
[debug] <<< HTTP RESPONSE 200
[info] +  runtimeconfig: all necessary APIs are enabled
[debug] >>> HTTP REQUEST GET https://appengine.googleapis.com/v1/apps/ng-music-d70af  
 Wed Mar 15 2017 22:23:28 GMT+0700 (SE Asia Standard Time)
[debug] >>> HTTP REQUEST GET https://apikeys.googleapis.com/v1/projects/ng-music-d70af/apiKeys  
 Wed Mar 15 2017 22:23:28 GMT+0700 (SE Asia Standard Time)
[debug] <<< HTTP RESPONSE 200
[debug] <<< HTTP RESPONSE 200
[info] i  functions: preparing functions directory for uploading...
[debug] >>> HTTP REQUEST GET https://runtimeconfig.googleapis.com/v1beta1/projects/ng-music-d70af/configs  
 Wed Mar 15 2017 22:24:29 GMT+0700 (SE Asia Standard Time)
[debug] <<< HTTP RESPONSE 200
[debug] > [functions] runtime config materialized as: {
  "firebase": {
    "databaseURL": "https://ng-music-d70af.firebaseio.com",
    "storageBucket": "ng-music-d70af.appspot.com",
    "apiKey": "AIzaSyD77HOMVC_JsuGEe23pi9cMOr8xlQ7WQbg",
    "authDomain": "ng-music-d70af.firebaseapp.com"
  }
}
[debug] > [functions] parsed triggers: []
[info] i  hosting: preparing dist directory for upload...
[debug] >>> HTTP REQUEST PUT https://deploy.firebase.com/v1/hosting/ng-music-d70af/uploads/-KfHZGv276hpm1UGPfZO?fileCount=1&message=  
 Wed Mar 15 2017 22:24:32 GMT+0700 (SE Asia Standard Time)
[debug] <<< HTTP RESPONSE 200
[info] +  hosting: dist folder uploaded successfully
[info] +  hosting: 1 files uploaded successfully
[info] i  starting release process (may take several minutes)...
[debug] >>> HTTP REQUEST GET https://cloudfunctions.googleapis.com/v1beta2/projects/ng-music-d70af/locations/us-central1/functions  
 Wed Mar 15 2017 22:24:34 GMT+0700 (SE Asia Standard Time)
[debug] <<< HTTP RESPONSE 200
[debug] >>> HTTP REQUEST GET https://cloudfunctions.googleapis.com/v1beta2/projects/ng-music-d70af/locations/us-central1/functions  
 Wed Mar 15 2017 22:24:35 GMT+0700 (SE Asia Standard Time)
[debug] <<< HTTP RESPONSE 200
[debug] >>> HTTP REQUEST POST https://deploy.firebase.com/v1/projects/ng-music-d70af/releases { hosting: 
   { public: 'dist',
     rewrites: [ [Object] ],
     version: '-KfHZGv276hpm1UGPfZO',
     prefix: '-KfHZGv276hpm1UGPfZO/',
     manifest: [] } } 
 Wed Mar 15 2017 22:24:36 GMT+0700 (SE Asia Standard Time)
[debug] <<< HTTP RESPONSE 200
